0 info it worked if it ends with ok
1 verbose cli [ 'c:\\Program Files\\nodejs\\node.exe',
1 verbose cli   'c:\\Program Files\\nodejs\\node_modules\\npm\\bin\\npm-cli.js',
1 verbose cli   'install',
1 verbose cli   'ccap',
1 verbose cli   '--save' ]
2 info using npm@2.11.3
3 info using node@v0.12.7
4 verbose install initial load of e:\nodejs\crm\package.json
5 verbose installManyTop reading scoped package data from e:\nodejs\crm\node_modules\connect-flash\package.json
6 verbose installManyTop reading scoped package data from e:\nodejs\crm\node_modules\ejs\package.json
7 verbose installManyTop reading scoped package data from e:\nodejs\crm\node_modules\express\package.json
8 verbose installManyTop reading scoped package data from e:\nodejs\crm\node_modules\express-partials\package.json
9 verbose installManyTop reading scoped package data from e:\nodejs\crm\node_modules\mysql\package.json
10 info package.json connect-flash@0.1.1 No license field.
11 info package.json ejs@0.8.4 No license field.
12 info package.json express@3.2.1 No license field.
13 info package.json express-partials@0.1.1 No license field.
14 info package.json mysql@2.0.0-alpha8 No license field.
15 verbose readDependencies loading dependencies from e:\nodejs\crm\package.json
16 silly cache add args [ 'ccap', null ]
17 verbose cache add spec ccap
18 silly cache add parsed spec { raw: 'ccap',
18 silly cache add   scope: null,
18 silly cache add   name: 'ccap',
18 silly cache add   rawSpec: '',
18 silly cache add   spec: '*',
18 silly cache add   type: 'range' }
19 silly addNamed ccap@*
20 verbose addNamed "*" is a valid semver range for ccap
21 silly addNameRange { name: 'ccap', range: '*', hasData: false }
22 silly mapToRegistry name ccap
23 silly mapToRegistry using default registry
24 silly mapToRegistry registry https://registry.npmjs.org/
25 silly mapToRegistry uri https://registry.npmjs.org/ccap
26 verbose addNameRange registry:https://registry.npmjs.org/ccap not in flight; fetching
27 verbose request uri https://registry.npmjs.org/ccap
28 verbose request no auth needed
29 info attempt registry request try #1 at 17:34:58
30 verbose request id 2d1f8f079e37189c
31 http request GET https://registry.npmjs.org/ccap
32 http 200 https://registry.npmjs.org/ccap
33 silly get cb [ 200,
33 silly get   { server: 'CouchDB/1.5.0 (Erlang OTP/R16B03)',
33 silly get     etag: '"D574482HZ6AGPMTPW1XAD2H00"',
33 silly get     'content-type': 'application/json',
33 silly get     'cache-control': 'max-age=60',
33 silly get     'content-length': '39271',
33 silly get     'accept-ranges': 'bytes',
33 silly get     date: 'Sat, 29 Aug 2015 09:34:59 GMT',
33 silly get     via: '1.1 varnish',
33 silly get     age: '0',
33 silly get     connection: 'keep-alive',
33 silly get     'x-served-by': 'cache-hkg6820-HKG',
33 silly get     'x-cache': 'MISS',
33 silly get     'x-cache-hits': '0',
33 silly get     'x-timer': 'S1440840898.967591,VS0,VE863',
33 silly get     vary: 'Accept' } ]
34 verbose get saving ccap to C:\Users\jihuizhao\AppData\Roaming\npm-cache\registry.npmjs.org\ccap\.cache.json
35 silly addNameRange number 2 { name: 'ccap', range: '*', hasData: true }
36 silly addNameRange versions [ 'ccap',
36 silly addNameRange   [ '0.1.0',
36 silly addNameRange     '0.1.1',
36 silly addNameRange     '0.1.2',
36 silly addNameRange     '0.1.3',
36 silly addNameRange     '0.1.4',
36 silly addNameRange     '0.1.5',
36 silly addNameRange     '0.1.6',
36 silly addNameRange     '0.1.7',
36 silly addNameRange     '0.1.8',
36 silly addNameRange     '0.1.9',
36 silly addNameRange     '0.1.10',
36 silly addNameRange     '0.1.11',
36 silly addNameRange     '0.1.12',
36 silly addNameRange     '0.2.0',
36 silly addNameRange     '0.2.1',
36 silly addNameRange     '0.2.2',
36 silly addNameRange     '0.2.3',
36 silly addNameRange     '0.2.4',
36 silly addNameRange     '0.3.0',
36 silly addNameRange     '0.3.1',
36 silly addNameRange     '0.3.2',
36 silly addNameRange     '0.3.3',
36 silly addNameRange     '0.3.4',
36 silly addNameRange     '0.3.6',
36 silly addNameRange     '0.3.7',
36 silly addNameRange     '0.3.8',
36 silly addNameRange     '0.4.0',
36 silly addNameRange     '0.4.1',
36 silly addNameRange     '0.4.3',
36 silly addNameRange     '0.4.4',
36 silly addNameRange     '0.5.0',
36 silly addNameRange     '0.5.1',
36 silly addNameRange     '0.5.2',
36 silly addNameRange     '0.5.3',
36 silly addNameRange     '0.6.0' ] ]
37 silly addNamed ccap@0.6.0
38 verbose addNamed "0.6.0" is a plain semver version for ccap
39 silly mapToRegistry name ccap
40 silly mapToRegistry using default registry
41 silly mapToRegistry registry https://registry.npmjs.org/
42 silly mapToRegistry uri https://registry.npmjs.org/ccap
43 verbose addRemoteTarball https://registry.npmjs.org/ccap/-/ccap-0.6.0.tgz not in flight; adding
44 verbose addRemoteTarball [ 'https://registry.npmjs.org/ccap/-/ccap-0.6.0.tgz',
44 verbose addRemoteTarball   'e1bde554f5f9cdbf7feb14a5c7b86520d8dfb64a' ]
45 info retry fetch attempt 1 at 17:34:59
46 info attempt registry request try #1 at 17:34:59
47 http fetch GET https://registry.npmjs.org/ccap/-/ccap-0.6.0.tgz
48 http fetch 200 https://registry.npmjs.org/ccap/-/ccap-0.6.0.tgz
49 silly fetchAndShaCheck shasum e1bde554f5f9cdbf7feb14a5c7b86520d8dfb64a
50 verbose addTmpTarball C:\Users\JIHUIZ~1\AppData\Local\Temp\npm-8068-dbef14e6\registry.npmjs.org\ccap\-\ccap-0.6.0.tgz not in flight; adding
51 verbose addTmpTarball already have metadata; skipping unpack for ccap@0.6.0
52 silly cache afterAdd ccap@0.6.0
53 verbose afterAdd C:\Users\jihuizhao\AppData\Roaming\npm-cache\ccap\0.6.0\package\package.json not in flight; writing
54 verbose afterAdd C:\Users\jihuizhao\AppData\Roaming\npm-cache\ccap\0.6.0\package\package.json written
55 silly install resolved [ { author:
55 silly install resolved      { name: 'doublespout',
55 silly install resolved        email: 'snoopyxdy@163.com',
55 silly install resolved        url: 'http://snoopyxdy.blog.163.com' },
55 silly install resolved     name: 'ccap',
55 silly install resolved     description: 'node.js generate captcha using c++ library CImg without install any other lib or software',
55 silly install resolved     keywords: [ 'node', 'captcha', 'c++', 'image', 'CImg' ],
55 silly install resolved     version: '0.6.0',
55 silly install resolved     url: 'https://github.com/DoubleSpout/ccap',
55 silly install resolved     homepage: 'https://github.com/DoubleSpout/ccap',
55 silly install resolved     repository: { type: 'git', url: 'https://github.com/DoubleSpout/ccap.git' },
55 silly install resolved     main: 'index.js',
55 silly install resolved     engines: { node: '>=0.12.0' },
55 silly install resolved     scripts:
55 silly install resolved      { preinstall: 'node make.js',
55 silly install resolved        install: 'node-gyp rebuild',
55 silly install resolved        test: 'node ./test/main_test.js' },
55 silly install resolved     gypfile: true,
55 silly install resolved     _id: 'ccap@0.6.0',
55 silly install resolved     _from: 'ccap@*',
55 silly install resolved     dist:
55 silly install resolved      { shasum: 'e1bde554f5f9cdbf7feb14a5c7b86520d8dfb64a',
55 silly install resolved        tarball: 'http://registry.npmjs.org/ccap/-/ccap-0.6.0.tgz' },
55 silly install resolved     dependencies: { 'node-schedule': '0.1.13', nan: '1.7.0' },
55 silly install resolved     _resolved: 'https://registry.npmjs.org/ccap/-/ccap-0.6.0.tgz',
55 silly install resolved     bugs: { url: 'https://github.com/DoubleSpout/ccap/issues' },
55 silly install resolved     _shasum: 'e1bde554f5f9cdbf7feb14a5c7b86520d8dfb64a',
55 silly install resolved     _npmVersion: '2.5.1',
55 silly install resolved     _nodeVersion: '0.12.0',
55 silly install resolved     _npmUser: { name: 'doublespout', email: 'snoopyxdy@gmail.com' },
55 silly install resolved     maintainers: [ [Object] ],
55 silly install resolved     directories: {} } ]
56 info install ccap@0.6.0 into e:\nodejs\crm
57 info installOne ccap@0.6.0
58 verbose installOne of ccap to e:\nodejs\crm not in flight; installing
59 verbose lock using C:\Users\jihuizhao\AppData\Roaming\npm-cache\_locks\ccap-5f0f9352c44767e2.lock for e:\nodejs\crm\node_modules\ccap
60 silly install write writing ccap 0.6.0 to e:\nodejs\crm\node_modules\ccap
61 verbose unbuild node_modules\ccap
62 silly gentlyRm e:\nodejs\crm\node_modules\ccap is being purged from base e:\nodejs\crm
63 verbose gentlyRm don't care about contents; nuking e:\nodejs\crm\node_modules\ccap
64 verbose tar unpack C:\Users\jihuizhao\AppData\Roaming\npm-cache\ccap\0.6.0\package.tgz
65 verbose tar unpacking to e:\nodejs\crm\node_modules\ccap
66 silly gentlyRm e:\nodejs\crm\node_modules\ccap is being purged
67 verbose gentlyRm don't care about contents; nuking e:\nodejs\crm\node_modules\ccap
68 silly gunzTarPerm modes [ '777', '666' ]
69 silly gunzTarPerm extractEntry package.json
70 silly gunzTarPerm modified mode [ 'package.json', 420, 438 ]
71 silly gunzTarPerm extractEntry .npmignore
72 silly gunzTarPerm modified mode [ '.npmignore', 420, 438 ]
73 silly gunzTarPerm extractEntry index.js
74 silly gunzTarPerm modified mode [ 'index.js', 420, 438 ]
75 silly gunzTarPerm extractEntry make.js
76 silly gunzTarPerm modified mode [ 'make.js', 420, 438 ]
77 silly gunzTarPerm extractEntry binding.gyp
78 silly gunzTarPerm modified mode [ 'binding.gyp', 420, 438 ]
79 silly gunzTarPerm extractEntry .travis.yml
80 silly gunzTarPerm modified mode [ '.travis.yml', 420, 438 ]
81 silly gunzTarPerm extractEntry test/main_test.js
82 silly gunzTarPerm modified mode [ 'test/main_test.js', 420, 438 ]
83 silly gunzTarPerm extractEntry lib/dir.js
84 silly gunzTarPerm modified mode [ 'lib/dir.js', 420, 438 ]
85 silly gunzTarPerm extractEntry lib/gen.js
86 silly gunzTarPerm modified mode [ 'lib/gen.js', 420, 438 ]
87 silly gunzTarPerm extractEntry lib/hcap.js
88 silly gunzTarPerm modified mode [ 'lib/hcap.js', 420, 438 ]
89 silly gunzTarPerm extractEntry lib/timer.js
90 silly gunzTarPerm modified mode [ 'lib/timer.js', 420, 438 ]
91 silly gunzTarPerm extractEntry addon/cap.cc
92 silly gunzTarPerm modified mode [ 'addon/cap.cc', 420, 438 ]
93 silly gunzTarPerm extractEntry addon/cap.h
94 silly gunzTarPerm modified mode [ 'addon/cap.h', 420, 438 ]
95 silly gunzTarPerm extractEntry addon/hcaptha.cc
96 silly gunzTarPerm modified mode [ 'addon/hcaptha.cc', 420, 438 ]
97 silly gunzTarPerm extractEntry addon/jpeglib/jddctmgr.c
98 silly gunzTarPerm modified mode [ 'addon/jpeglib/jddctmgr.c', 420, 438 ]
99 silly gunzTarPerm extractEntry addon/jpeglib/CImg.h
100 silly gunzTarPerm modified mode [ 'addon/jpeglib/CImg.h', 420, 438 ]
101 silly gunzTarPerm extractEntry addon/jpeglib/Licence_CeCILL_V2-en.txt
102 silly gunzTarPerm modified mode [ 'addon/jpeglib/Licence_CeCILL_V2-en.txt', 420, 438 ]
103 silly gunzTarPerm extractEntry addon/jpeglib/README.txt
104 silly gunzTarPerm modified mode [ 'addon/jpeglib/README.txt', 420, 438 ]
105 silly gunzTarPerm extractEntry addon/jpeglib/cderror.h
106 silly gunzTarPerm modified mode [ 'addon/jpeglib/cderror.h', 420, 438 ]
107 silly gunzTarPerm extractEntry addon/jpeglib/cdjpeg.h
108 silly gunzTarPerm modified mode [ 'addon/jpeglib/cdjpeg.h', 420, 438 ]
109 silly gunzTarPerm extractEntry addon/jpeglib/jaricom.c
110 silly gunzTarPerm modified mode [ 'addon/jpeglib/jaricom.c', 420, 438 ]
111 silly gunzTarPerm extractEntry addon/jpeglib/jcapimin.c
112 silly gunzTarPerm modified mode [ 'addon/jpeglib/jcapimin.c', 420, 438 ]
113 silly gunzTarPerm extractEntry addon/jpeglib/jcapistd.c
114 silly gunzTarPerm modified mode [ 'addon/jpeglib/jcapistd.c', 420, 438 ]
115 silly gunzTarPerm extractEntry addon/jpeglib/jcarith.c
116 silly gunzTarPerm modified mode [ 'addon/jpeglib/jcarith.c', 420, 438 ]
117 silly gunzTarPerm extractEntry addon/jpeglib/jccoefct.c
118 silly gunzTarPerm modified mode [ 'addon/jpeglib/jccoefct.c', 420, 438 ]
119 silly gunzTarPerm extractEntry addon/jpeglib/jccolor.c
120 silly gunzTarPerm modified mode [ 'addon/jpeglib/jccolor.c', 420, 438 ]
121 silly gunzTarPerm extractEntry addon/jpeglib/jcdctmgr.c
122 silly gunzTarPerm modified mode [ 'addon/jpeglib/jcdctmgr.c', 420, 438 ]
123 silly gunzTarPerm extractEntry addon/jpeglib/jchuff.c
124 silly gunzTarPerm modified mode [ 'addon/jpeglib/jchuff.c', 420, 438 ]
125 silly gunzTarPerm extractEntry addon/jpeglib/jcinit.c
126 silly gunzTarPerm modified mode [ 'addon/jpeglib/jcinit.c', 420, 438 ]
127 silly gunzTarPerm extractEntry addon/jpeglib/jcmainct.c
128 silly gunzTarPerm modified mode [ 'addon/jpeglib/jcmainct.c', 420, 438 ]
129 silly gunzTarPerm extractEntry addon/jpeglib/jcmarker.c
130 silly gunzTarPerm modified mode [ 'addon/jpeglib/jcmarker.c', 420, 438 ]
131 silly gunzTarPerm extractEntry addon/jpeglib/jcmaster.c
132 silly gunzTarPerm modified mode [ 'addon/jpeglib/jcmaster.c', 420, 438 ]
133 silly gunzTarPerm extractEntry addon/jpeglib/jcomapi.c
134 silly gunzTarPerm modified mode [ 'addon/jpeglib/jcomapi.c', 420, 438 ]
135 silly gunzTarPerm extractEntry addon/jpeglib/jconfig.h
136 silly gunzTarPerm modified mode [ 'addon/jpeglib/jconfig.h', 420, 438 ]
137 silly gunzTarPerm extractEntry addon/jpeglib/jcparam.c
138 silly gunzTarPerm modified mode [ 'addon/jpeglib/jcparam.c', 420, 438 ]
139 silly gunzTarPerm extractEntry addon/jpeglib/jcprepct.c
140 silly gunzTarPerm modified mode [ 'addon/jpeglib/jcprepct.c', 420, 438 ]
141 silly gunzTarPerm extractEntry addon/jpeglib/jcsample.c
142 silly gunzTarPerm modified mode [ 'addon/jpeglib/jcsample.c', 420, 438 ]
143 silly gunzTarPerm extractEntry addon/jpeglib/jctrans.c
144 silly gunzTarPerm modified mode [ 'addon/jpeglib/jctrans.c', 420, 438 ]
145 silly gunzTarPerm extractEntry addon/jpeglib/jdapimin.c
146 silly gunzTarPerm modified mode [ 'addon/jpeglib/jdapimin.c', 420, 438 ]
147 silly gunzTarPerm extractEntry addon/jpeglib/jdapistd.c
148 silly gunzTarPerm modified mode [ 'addon/jpeglib/jdapistd.c', 420, 438 ]
149 silly gunzTarPerm extractEntry addon/jpeglib/jdarith.c
150 silly gunzTarPerm modified mode [ 'addon/jpeglib/jdarith.c', 420, 438 ]
151 silly gunzTarPerm extractEntry addon/jpeglib/jdatadst.c
152 silly gunzTarPerm modified mode [ 'addon/jpeglib/jdatadst.c', 420, 438 ]
153 silly gunzTarPerm extractEntry addon/jpeglib/jdatasrc.c
154 silly gunzTarPerm modified mode [ 'addon/jpeglib/jdatasrc.c', 420, 438 ]
155 silly gunzTarPerm extractEntry addon/jpeglib/jdcoefct.c
156 silly gunzTarPerm modified mode [ 'addon/jpeglib/jdcoefct.c', 420, 438 ]
157 silly gunzTarPerm extractEntry addon/jpeglib/jdcolor.c
158 silly gunzTarPerm modified mode [ 'addon/jpeglib/jdcolor.c', 420, 438 ]
159 silly gunzTarPerm extractEntry addon/jpeglib/jdct.h
160 silly gunzTarPerm modified mode [ 'addon/jpeglib/jdct.h', 420, 438 ]
161 silly gunzTarPerm extractEntry addon/jpeglib/Licence_CeCILL-C_V1-en.txt
162 silly gunzTarPerm modified mode [ 'addon/jpeglib/Licence_CeCILL-C_V1-en.txt', 420, 438 ]
163 silly gunzTarPerm extractEntry addon/jpeglib/jdhuff.c
164 silly gunzTarPerm modified mode [ 'addon/jpeglib/jdhuff.c', 420, 438 ]
165 silly gunzTarPerm extractEntry addon/jpeglib/jdinput.c
166 silly gunzTarPerm modified mode [ 'addon/jpeglib/jdinput.c', 420, 438 ]
167 silly gunzTarPerm extractEntry addon/jpeglib/jdmainct.c
168 silly gunzTarPerm modified mode [ 'addon/jpeglib/jdmainct.c', 420, 438 ]
169 silly gunzTarPerm extractEntry addon/jpeglib/jdmarker.c
170 silly gunzTarPerm modified mode [ 'addon/jpeglib/jdmarker.c', 420, 438 ]
171 silly gunzTarPerm extractEntry addon/jpeglib/jdmaster.c
172 silly gunzTarPerm modified mode [ 'addon/jpeglib/jdmaster.c', 420, 438 ]
173 silly gunzTarPerm extractEntry addon/jpeglib/jdmerge.c
174 silly gunzTarPerm modified mode [ 'addon/jpeglib/jdmerge.c', 420, 438 ]
175 silly gunzTarPerm extractEntry addon/jpeglib/jdpostct.c
176 silly gunzTarPerm modified mode [ 'addon/jpeglib/jdpostct.c', 420, 438 ]
177 silly gunzTarPerm extractEntry addon/jpeglib/jdsample.c
178 silly gunzTarPerm modified mode [ 'addon/jpeglib/jdsample.c', 420, 438 ]
179 silly gunzTarPerm extractEntry addon/jpeglib/jdtrans.c
180 silly gunzTarPerm modified mode [ 'addon/jpeglib/jdtrans.c', 420, 438 ]
181 silly gunzTarPerm extractEntry addon/jpeglib/jerror.c
182 silly gunzTarPerm modified mode [ 'addon/jpeglib/jerror.c', 420, 438 ]
183 silly gunzTarPerm extractEntry addon/jpeglib/jerror.h
184 silly gunzTarPerm modified mode [ 'addon/jpeglib/jerror.h', 420, 438 ]
185 silly gunzTarPerm extractEntry addon/jpeglib/jfdctflt.c
186 silly gunzTarPerm modified mode [ 'addon/jpeglib/jfdctflt.c', 420, 438 ]
187 silly gunzTarPerm extractEntry addon/jpeglib/jfdctfst.c
188 silly gunzTarPerm modified mode [ 'addon/jpeglib/jfdctfst.c', 420, 438 ]
189 silly gunzTarPerm extractEntry addon/jpeglib/jfdctint.c
190 silly gunzTarPerm modified mode [ 'addon/jpeglib/jfdctint.c', 420, 438 ]
191 silly gunzTarPerm extractEntry addon/jpeglib/jidctflt.c
192 silly gunzTarPerm modified mode [ 'addon/jpeglib/jidctflt.c', 420, 438 ]
193 silly gunzTarPerm extractEntry addon/jpeglib/jidctfst.c
194 silly gunzTarPerm modified mode [ 'addon/jpeglib/jidctfst.c', 420, 438 ]
195 silly gunzTarPerm extractEntry addon/jpeglib/jidctint.c
196 silly gunzTarPerm modified mode [ 'addon/jpeglib/jidctint.c', 420, 438 ]
197 silly gunzTarPerm extractEntry addon/jpeglib/jinclude.h
198 silly gunzTarPerm modified mode [ 'addon/jpeglib/jinclude.h', 420, 438 ]
199 silly gunzTarPerm extractEntry addon/jpeglib/jmemmgr.c
200 silly gunzTarPerm modified mode [ 'addon/jpeglib/jmemmgr.c', 420, 438 ]
201 silly gunzTarPerm extractEntry addon/jpeglib/jmemnobs.c
202 silly gunzTarPerm modified mode [ 'addon/jpeglib/jmemnobs.c', 420, 438 ]
203 silly gunzTarPerm extractEntry addon/jpeglib/jmemsys.h
204 silly gunzTarPerm modified mode [ 'addon/jpeglib/jmemsys.h', 420, 438 ]
205 silly gunzTarPerm extractEntry addon/jpeglib/jmorecfg.h
206 silly gunzTarPerm modified mode [ 'addon/jpeglib/jmorecfg.h', 420, 438 ]
207 silly gunzTarPerm extractEntry addon/jpeglib/jpegint.h
208 silly gunzTarPerm modified mode [ 'addon/jpeglib/jpegint.h', 420, 438 ]
209 silly gunzTarPerm extractEntry addon/jpeglib/jpeglib.h
210 silly gunzTarPerm modified mode [ 'addon/jpeglib/jpeglib.h', 420, 438 ]
211 silly gunzTarPerm extractEntry addon/jpeglib/jquant1.c
212 silly gunzTarPerm modified mode [ 'addon/jpeglib/jquant1.c', 420, 438 ]
213 silly gunzTarPerm extractEntry addon/jpeglib/jquant2.c
214 silly gunzTarPerm modified mode [ 'addon/jpeglib/jquant2.c', 420, 438 ]
215 silly gunzTarPerm extractEntry addon/jpeglib/jutils.c
216 silly gunzTarPerm modified mode [ 'addon/jpeglib/jutils.c', 420, 438 ]
217 silly gunzTarPerm extractEntry addon/jpeglib/jversion.h
218 silly gunzTarPerm modified mode [ 'addon/jpeglib/jversion.h', 420, 438 ]
219 silly gunzTarPerm extractEntry addon/jpeglib/libjpeg.so
220 silly gunzTarPerm modified mode [ 'addon/jpeglib/libjpeg.so', 420, 438 ]
221 silly gunzTarPerm extractEntry addon/jpeglib/plugins/jpeg_buffer.h
222 silly gunzTarPerm modified mode [ 'addon/jpeglib/plugins/jpeg_buffer.h', 420, 438 ]
223 silly gunzTarPerm extractEntry addon/jpeglib/plugins/add_fileformat.h
224 silly gunzTarPerm modified mode [ 'addon/jpeglib/plugins/add_fileformat.h', 420, 438 ]
225 silly gunzTarPerm extractEntry addon/jpeglib/plugins/cimg_ipl.h
226 silly gunzTarPerm modified mode [ 'addon/jpeglib/plugins/cimg_ipl.h', 420, 438 ]
227 silly gunzTarPerm extractEntry addon/jpeglib/plugins/cimgmatlab.h
228 silly gunzTarPerm modified mode [ 'addon/jpeglib/plugins/cimgmatlab.h', 420, 438 ]
229 silly gunzTarPerm extractEntry addon/jpeglib/plugins/draw_gradient.h
230 silly gunzTarPerm modified mode [ 'addon/jpeglib/plugins/draw_gradient.h', 420, 438 ]
231 silly gunzTarPerm extractEntry addon/jpeglib/plugins/cimgIPL.h
232 silly gunzTarPerm modified mode [ 'addon/jpeglib/plugins/cimgIPL.h', 420, 438 ]
233 silly gunzTarPerm extractEntry addon/jpeglib/plugins/loop_macros.h
234 silly gunzTarPerm modified mode [ 'addon/jpeglib/plugins/loop_macros.h', 420, 438 ]
235 silly gunzTarPerm extractEntry addon/jpeglib/plugins/nlmeans.h
236 silly gunzTarPerm modified mode [ 'addon/jpeglib/plugins/nlmeans.h', 420, 438 ]
237 silly gunzTarPerm extractEntry addon/jpeglib/plugins/skeleton.h
238 silly gunzTarPerm modified mode [ 'addon/jpeglib/plugins/skeleton.h', 420, 438 ]
239 silly gunzTarPerm extractEntry addon/jpeglib/plugins/vrml.h
240 silly gunzTarPerm modified mode [ 'addon/jpeglib/plugins/vrml.h', 420, 438 ]
241 silly gunzTarPerm extractEntry addon/jpeglib/plugins/vtk.h
242 silly gunzTarPerm modified mode [ 'addon/jpeglib/plugins/vtk.h', 420, 438 ]
243 silly gunzTarPerm extractEntry addon/jpeglib/resources/compile_win_icl.bat
244 silly gunzTarPerm modified mode [ 'addon/jpeglib/resources/compile_win_icl.bat', 420, 438 ]
245 silly gunzTarPerm extractEntry addon/jpeglib/resources/compile_win_visualcpp.bat
246 silly gunzTarPerm modified mode [ 'addon/jpeglib/resources/compile_win_visualcpp.bat', 420, 438 ]
247 silly gunzTarPerm extractEntry addon/jpeglib/transupp.h
248 silly gunzTarPerm modified mode [ 'addon/jpeglib/transupp.h', 420, 438 ]
249 silly gunzTarPerm extractEntry addon/libjpeg.dll
250 silly gunzTarPerm modified mode [ 'addon/libjpeg.dll', 420, 438 ]
251 silly gunzTarPerm extractEntry readme.md
252 silly gunzTarPerm modified mode [ 'readme.md', 420, 438 ]
253 silly gunzTarPerm extractEntry benchmark/generate.js
254 silly gunzTarPerm modified mode [ 'benchmark/generate.js', 420, 438 ]
255 silly gunzTarPerm extractEntry example/custom_get.js
256 silly gunzTarPerm modified mode [ 'example/custom_get.js', 420, 438 ]
257 silly gunzTarPerm extractEntry example/custom_get2.js
258 silly gunzTarPerm modified mode [ 'example/custom_get2.js', 420, 438 ]
259 silly gunzTarPerm extractEntry example/default_get.js
260 silly gunzTarPerm modified mode [ 'example/default_get.js', 420, 438 ]
261 silly gunzTarPerm extractEntry example/web_example.js
262 silly gunzTarPerm modified mode [ 'example/web_example.js', 420, 438 ]
263 verbose write writing to e:\nodejs\crm\node_modules\ccap\package.json
264 info preinstall ccap@0.6.0
265 verbose unsafe-perm in lifecycle true
266 verbose readDependencies loading dependencies from e:\nodejs\crm\node_modules\ccap\package.json
267 silly prepareForInstallMany adding node-schedule@0.1.13 from ccap dependencies
268 silly prepareForInstallMany adding nan@1.7.0 from ccap dependencies
269 verbose readDependencies loading dependencies from e:\nodejs\crm\node_modules\ccap\package.json
270 silly cache add args [ 'node-schedule@0.1.13', null ]
271 verbose cache add spec node-schedule@0.1.13
272 silly cache add args [ 'nan@1.7.0', null ]
273 verbose cache add spec nan@1.7.0
274 silly cache add parsed spec { raw: 'node-schedule@0.1.13',
274 silly cache add   scope: null,
274 silly cache add   name: 'node-schedule',
274 silly cache add   rawSpec: '0.1.13',
274 silly cache add   spec: '0.1.13',
274 silly cache add   type: 'version' }
275 silly addNamed node-schedule@0.1.13
276 verbose addNamed "0.1.13" is a plain semver version for node-schedule
277 silly mapToRegistry name node-schedule
278 silly mapToRegistry using default registry
279 silly mapToRegistry registry https://registry.npmjs.org/
280 silly mapToRegistry uri https://registry.npmjs.org/node-schedule
281 verbose addNameVersion registry:https://registry.npmjs.org/node-schedule not in flight; fetching
282 silly cache add parsed spec { raw: 'nan@1.7.0',
282 silly cache add   scope: null,
282 silly cache add   name: 'nan',
282 silly cache add   rawSpec: '1.7.0',
282 silly cache add   spec: '1.7.0',
282 silly cache add   type: 'version' }
283 silly addNamed nan@1.7.0
284 verbose addNamed "1.7.0" is a plain semver version for nan
285 silly mapToRegistry name nan
286 silly mapToRegistry using default registry
287 silly mapToRegistry registry https://registry.npmjs.org/
288 silly mapToRegistry uri https://registry.npmjs.org/nan
289 verbose addNameVersion registry:https://registry.npmjs.org/nan not in flight; fetching
290 verbose request uri https://registry.npmjs.org/node-schedule
291 verbose request no auth needed
292 info attempt registry request try #1 at 17:35:04
293 http request GET https://registry.npmjs.org/node-schedule
294 verbose request uri https://registry.npmjs.org/nan
295 verbose request no auth needed
296 info attempt registry request try #1 at 17:35:04
297 verbose etag "9XTDV7FFTY89WTFXQVIVW1CYG"
298 http request GET https://registry.npmjs.org/nan
299 http 304 https://registry.npmjs.org/nan
300 silly get cb [ 304,
300 silly get   { date: 'Sat, 29 Aug 2015 09:35:04 GMT',
300 silly get     via: '1.1 varnish',
300 silly get     'cache-control': 'max-age=60',
300 silly get     etag: '"9XTDV7FFTY89WTFXQVIVW1CYG"',
300 silly get     age: '6',
300 silly get     connection: 'keep-alive',
300 silly get     'x-served-by': 'cache-hkg6826-HKG',
300 silly get     'x-cache': 'HIT',
300 silly get     'x-cache-hits': '2',
300 silly get     'x-timer': 'S1440840904.315348,VS0,VE0',
300 silly get     vary: 'Accept' } ]
301 verbose etag https://registry.npmjs.org/nan from cache
302 verbose get saving nan to C:\Users\jihuizhao\AppData\Roaming\npm-cache\registry.npmjs.org\nan\.cache.json
303 silly mapToRegistry name nan
304 silly mapToRegistry using default registry
305 silly mapToRegistry registry https://registry.npmjs.org/
306 silly mapToRegistry uri https://registry.npmjs.org/nan
307 verbose addRemoteTarball https://registry.npmjs.org/nan/-/nan-1.7.0.tgz not in flight; adding
308 verbose addRemoteTarball [ 'https://registry.npmjs.org/nan/-/nan-1.7.0.tgz',
308 verbose addRemoteTarball   '755b997404e83cbe7bc08bc3c5c56291bce87438' ]
309 info retry fetch attempt 1 at 17:35:04
310 info attempt registry request try #1 at 17:35:04
311 http fetch GET https://registry.npmjs.org/nan/-/nan-1.7.0.tgz
312 http fetch 200 https://registry.npmjs.org/nan/-/nan-1.7.0.tgz
313 silly fetchAndShaCheck shasum 755b997404e83cbe7bc08bc3c5c56291bce87438
314 verbose addTmpTarball C:\Users\JIHUIZ~1\AppData\Local\Temp\npm-8068-dbef14e6\registry.npmjs.org\nan\-\nan-1.7.0.tgz not in flight; adding
315 verbose addTmpTarball already have metadata; skipping unpack for nan@1.7.0
316 silly cache afterAdd nan@1.7.0
317 verbose afterAdd C:\Users\jihuizhao\AppData\Roaming\npm-cache\nan\1.7.0\package\package.json not in flight; writing
318 verbose afterAdd C:\Users\jihuizhao\AppData\Roaming\npm-cache\nan\1.7.0\package\package.json written
319 http 200 https://registry.npmjs.org/node-schedule
320 silly get cb [ 200,
320 silly get   { server: 'CouchDB/1.5.0 (Erlang OTP/R16B03)',
320 silly get     etag: '"2NXOCH14ZWXD11FYOF8V166JR"',
320 silly get     'content-type': 'application/json',
320 silly get     'cache-control': 'max-age=60',
320 silly get     'content-length': '29882',
320 silly get     'accept-ranges': 'bytes',
320 silly get     date: 'Sat, 29 Aug 2015 09:35:05 GMT',
320 silly get     via: '1.1 varnish',
320 silly get     age: '0',
320 silly get     connection: 'keep-alive',
320 silly get     'x-served-by': 'cache-hkg6822-HKG',
320 silly get     'x-cache': 'MISS',
320 silly get     'x-cache-hits': '0',
320 silly get     'x-timer': 'S1440840904.306872,VS0,VE842',
320 silly get     vary: 'Accept' } ]
321 verbose get saving node-schedule to C:\Users\jihuizhao\AppData\Roaming\npm-cache\registry.npmjs.org\node-schedule\.cache.json
322 silly mapToRegistry name node-schedule
323 silly mapToRegistry using default registry
324 silly mapToRegistry registry https://registry.npmjs.org/
325 silly mapToRegistry uri https://registry.npmjs.org/node-schedule
326 verbose addRemoteTarball https://registry.npmjs.org/node-schedule/-/node-schedule-0.1.13.tgz not in flight; adding
327 verbose addRemoteTarball [ 'https://registry.npmjs.org/node-schedule/-/node-schedule-0.1.13.tgz',
327 verbose addRemoteTarball   '6370ce11c87ff13dfc2c4163e393872ec2a8ee80' ]
328 info retry fetch attempt 1 at 17:35:05
329 info attempt registry request try #1 at 17:35:05
330 http fetch GET https://registry.npmjs.org/node-schedule/-/node-schedule-0.1.13.tgz
331 http fetch 200 https://registry.npmjs.org/node-schedule/-/node-schedule-0.1.13.tgz
332 silly fetchAndShaCheck shasum 6370ce11c87ff13dfc2c4163e393872ec2a8ee80
333 verbose addTmpTarball C:\Users\JIHUIZ~1\AppData\Local\Temp\npm-8068-dbef14e6\registry.npmjs.org\node-schedule\-\node-schedule-0.1.13.tgz not in flight; adding
334 verbose addTmpTarball already have metadata; skipping unpack for node-schedule@0.1.13
335 silly cache afterAdd node-schedule@0.1.13
336 verbose afterAdd C:\Users\jihuizhao\AppData\Roaming\npm-cache\node-schedule\0.1.13\package\package.json not in flight; writing
337 verbose afterAdd C:\Users\jihuizhao\AppData\Roaming\npm-cache\node-schedule\0.1.13\package\package.json written
338 silly install resolved [ { name: 'nan',
338 silly install resolved     version: '1.7.0',
338 silly install resolved     description: 'Native Abstractions for Node.js: C++ header for Node 0.8->0.12 compatibility',
338 silly install resolved     main: 'include_dirs.js',
338 silly install resolved     repository: { type: 'git', url: 'git://github.com/rvagg/nan.git' },
338 silly install resolved     scripts:
338 silly install resolved      { test: 'tap --gc test/js/*-test.js',
338 silly install resolved        'rebuild-tests': 'pangyp rebuild --directory test' },
338 silly install resolved     contributors:
338 silly install resolved      [ [Object],
338 silly install resolved        [Object],
338 silly install resolved        [Object],
338 silly install resolved        [Object],
338 silly install resolved        [Object],
338 silly install resolved        [Object],
338 silly install resolved        [Object] ],
338 silly install resolved     devDependencies:
338 silly install resolved      { bindings: '~1.2.1',
338 silly install resolved        'node-gyp': '~1.0.2',
338 silly install resolved        pangyp: '~2.0.1',
338 silly install resolved        tap: '~0.5.0',
338 silly install resolved        xtend: '~4.0.0' },
338 silly install resolved     license: 'MIT',
338 silly install resolved     gitHead: '550efb5dde5cb6bf79db87ab48dce850e56e971a',
338 silly install resolved     bugs: { url: 'https://github.com/rvagg/nan/issues' },
338 silly install resolved     homepage: 'https://github.com/rvagg/nan',
338 silly install resolved     _id: 'nan@1.7.0',
338 silly install resolved     _shasum: '755b997404e83cbe7bc08bc3c5c56291bce87438',
338 silly install resolved     _from: 'nan@1.7.0',
338 silly install resolved     _npmVersion: '2.5.1',
338 silly install resolved     _nodeVersion: '0.12.0',
338 silly install resolved     _npmUser: { name: 'kkoopa', email: 'bbyholm@abo.fi' },
338 silly install resolved     maintainers: [ [Object], [Object] ],
338 silly install resolved     dist:
338 silly install resolved      { shasum: '755b997404e83cbe7bc08bc3c5c56291bce87438',
338 silly install resolved        tarball: 'http://registry.npmjs.org/nan/-/nan-1.7.0.tgz' },
338 silly install resolved     directories: {},
338 silly install resolved     _resolved: 'https://registry.npmjs.org/nan/-/nan-1.7.0.tgz' },
338 silly install resolved   { name: 'node-schedule',
338 silly install resolved     version: '0.1.13',
338 silly install resolved     description: 'A cron-like and not-cron-like job scheduler for Node.',
338 silly install resolved     keywords: [ 'schedule', 'task', 'job', 'cron' ],
338 silly install resolved     author:
338 silly install resolved      { name: 'Matt Patenaude',
338 silly install resolved        email: 'matt@mattpatenaude.com',
338 silly install resolved        url: 'http://mattpatenaude.com' },
338 silly install resolved     main: './lib/schedule.js',
338 silly install resolved     scripts: { test: './node_modules/.bin/nodeunit test' },
338 silly install resolved     repository:
338 silly install resolved      { type: 'git',
338 silly install resolved        url: 'https://github.com/mattpat/node-schedule.git' },
338 silly install resolved     devDependencies: { nodeunit: '~0.8.1' },
338 silly install resolved     bugs: { url: 'https://github.com/mattpat/node-schedule/issues' },
338 silly install resolved     _id: 'node-schedule@0.1.13',
338 silly install resolved     dist:
338 silly install resolved      { shasum: '6370ce11c87ff13dfc2c4163e393872ec2a8ee80',
338 silly install resolved        tarball: 'http://registry.npmjs.org/node-schedule/-/node-schedule-0.1.13.tgz' },
338 silly install resolved     _from: 'node-schedule@0.1.13',
338 silly install resolved     _npmVersion: '1.3.11',
338 silly install resolved     _npmUser: { name: 'mattpat', email: 'matt@mattpatenaude.com' },
338 silly install resolved     maintainers: [ [Object] ],
338 silly install resolved     directories: {},
338 silly install resolved     _shasum: '6370ce11c87ff13dfc2c4163e393872ec2a8ee80',
338 silly install resolved     _resolved: 'https://registry.npmjs.org/node-schedule/-/node-schedule-0.1.13.tgz' } ]
339 info install nan@1.7.0 into e:\nodejs\crm\node_modules\ccap
340 info install node-schedule@0.1.13 into e:\nodejs\crm\node_modules\ccap
341 info installOne nan@1.7.0
342 verbose installOne of nan to e:\nodejs\crm\node_modules\ccap not in flight; installing
343 info installOne node-schedule@0.1.13
344 verbose installOne of node-schedule to e:\nodejs\crm\node_modules\ccap not in flight; installing
345 verbose lock using C:\Users\jihuizhao\AppData\Roaming\npm-cache\_locks\nan-fa2825ab1f4de8ee.lock for e:\nodejs\crm\node_modules\ccap\node_modules\nan
346 silly install write writing nan 1.7.0 to e:\nodejs\crm\node_modules\ccap\node_modules\nan
347 verbose lock using C:\Users\jihuizhao\AppData\Roaming\npm-cache\_locks\node-schedule-b073d074e57260f0.lock for e:\nodejs\crm\node_modules\ccap\node_modules\node-schedule
348 silly install write writing node-schedule 0.1.13 to e:\nodejs\crm\node_modules\ccap\node_modules\node-schedule
349 verbose unbuild node_modules\ccap\node_modules\nan
350 silly gentlyRm e:\nodejs\crm\node_modules\ccap\node_modules\nan is being purged from base e:\nodejs\crm
351 verbose gentlyRm don't care about contents; nuking e:\nodejs\crm\node_modules\ccap\node_modules\nan
352 verbose unbuild node_modules\ccap\node_modules\node-schedule
353 verbose tar unpack C:\Users\jihuizhao\AppData\Roaming\npm-cache\nan\1.7.0\package.tgz
354 verbose tar unpacking to e:\nodejs\crm\node_modules\ccap\node_modules\nan
355 silly gentlyRm e:\nodejs\crm\node_modules\ccap\node_modules\nan is being purged
356 verbose gentlyRm don't care about contents; nuking e:\nodejs\crm\node_modules\ccap\node_modules\nan
357 silly gunzTarPerm modes [ '777', '666' ]
358 silly gentlyRm e:\nodejs\crm\node_modules\ccap\node_modules\node-schedule is being purged from base e:\nodejs\crm
359 verbose gentlyRm don't care about contents; nuking e:\nodejs\crm\node_modules\ccap\node_modules\node-schedule
360 verbose tar unpack C:\Users\jihuizhao\AppData\Roaming\npm-cache\node-schedule\0.1.13\package.tgz
361 verbose tar unpacking to e:\nodejs\crm\node_modules\ccap\node_modules\node-schedule
362 silly gentlyRm e:\nodejs\crm\node_modules\ccap\node_modules\node-schedule is being purged
363 verbose gentlyRm don't care about contents; nuking e:\nodejs\crm\node_modules\ccap\node_modules\node-schedule
364 silly gunzTarPerm modes [ '777', '666' ]
365 silly gunzTarPerm extractEntry package.json
366 silly gunzTarPerm modified mode [ 'package.json', 436, 438 ]
367 silly gunzTarPerm extractEntry package.json
368 silly gunzTarPerm modified mode [ 'package.json', 420, 438 ]
369 silly gunzTarPerm extractEntry include_dirs.js
370 silly gunzTarPerm modified mode [ 'include_dirs.js', 436, 438 ]
371 silly gunzTarPerm extractEntry LICENSE.md
372 silly gunzTarPerm modified mode [ 'LICENSE.md', 436, 438 ]
373 silly gunzTarPerm extractEntry .npmignore
374 silly gunzTarPerm modified mode [ '.npmignore', 420, 438 ]
375 silly gunzTarPerm extractEntry README.md
376 silly gunzTarPerm modified mode [ 'README.md', 420, 438 ]
377 silly gunzTarPerm extractEntry .dntrc
378 silly gunzTarPerm modified mode [ '.dntrc', 436, 438 ]
379 silly gunzTarPerm extractEntry appveyor.yml
380 silly gunzTarPerm modified mode [ 'appveyor.yml', 436, 438 ]
381 silly gunzTarPerm extractEntry lib/increment.js
382 silly gunzTarPerm modified mode [ 'lib/increment.js', 420, 438 ]
383 silly gunzTarPerm extractEntry lib/schedule.js
384 silly gunzTarPerm modified mode [ 'lib/schedule.js', 420, 438 ]
385 silly gunzTarPerm extractEntry nan.h
386 silly gunzTarPerm modified mode [ 'nan.h', 436, 438 ]
387 silly gunzTarPerm extractEntry nan_implementation_12_inl.h
388 silly gunzTarPerm modified mode [ 'nan_implementation_12_inl.h', 436, 438 ]
389 silly gunzTarPerm extractEntry nan_implementation_pre_12_inl.h
390 silly gunzTarPerm modified mode [ 'nan_implementation_pre_12_inl.h', 436, 438 ]
391 silly gunzTarPerm extractEntry nan_new.h
392 silly gunzTarPerm modified mode [ 'nan_new.h', 436, 438 ]
393 silly gunzTarPerm extractEntry nan_string_bytes.h
394 silly gunzTarPerm modified mode [ 'nan_string_bytes.h', 436, 438 ]
395 silly gunzTarPerm extractEntry CHANGELOG.md
396 silly gunzTarPerm modified mode [ 'CHANGELOG.md', 436, 438 ]
397 silly gunzTarPerm extractEntry test/convenience-method-test.js
398 silly gunzTarPerm modified mode [ 'test/convenience-method-test.js', 420, 438 ]
399 silly gunzTarPerm extractEntry test/date-convenience-methods-test.js
400 silly gunzTarPerm modified mode [ 'test/date-convenience-methods-test.js', 420, 438 ]
401 silly gunzTarPerm extractEntry test/job-test.js
402 silly gunzTarPerm modified mode [ 'test/job-test.js', 420, 438 ]
403 silly gunzTarPerm extractEntry test/range-test.js
404 silly gunzTarPerm modified mode [ 'test/range-test.js', 420, 438 ]
405 silly gunzTarPerm extractEntry test/recurrence-rule-test.js
406 silly gunzTarPerm modified mode [ 'test/recurrence-rule-test.js', 420, 438 ]
407 verbose write writing to e:\nodejs\crm\node_modules\ccap\node_modules\node-schedule\package.json
408 info preinstall node-schedule@0.1.13
409 verbose readDependencies loading dependencies from e:\nodejs\crm\node_modules\ccap\node_modules\node-schedule\package.json
410 verbose readDependencies loading dependencies from e:\nodejs\crm\node_modules\ccap\node_modules\node-schedule\package.json
411 silly install resolved []
412 verbose about to build e:\nodejs\crm\node_modules\ccap\node_modules\node-schedule
413 info build e:\nodejs\crm\node_modules\ccap\node_modules\node-schedule
414 verbose write writing to e:\nodejs\crm\node_modules\ccap\node_modules\nan\package.json
415 info linkStuff node-schedule@0.1.13
416 silly linkStuff node-schedule@0.1.13 has e:\nodejs\crm\node_modules\ccap\node_modules as its parent node_modules
417 verbose linkBins node-schedule@0.1.13
418 verbose linkMans node-schedule@0.1.13
419 verbose rebuildBundles node-schedule@0.1.13
420 info preinstall nan@1.7.0
421 info install node-schedule@0.1.13
422 verbose readDependencies loading dependencies from e:\nodejs\crm\node_modules\ccap\node_modules\nan\package.json
423 info postinstall node-schedule@0.1.13
424 verbose unlock done using C:\Users\jihuizhao\AppData\Roaming\npm-cache\_locks\node-schedule-b073d074e57260f0.lock for e:\nodejs\crm\node_modules\ccap\node_modules\node-schedule
425 verbose readDependencies loading dependencies from e:\nodejs\crm\node_modules\ccap\node_modules\nan\package.json
426 silly install resolved []
427 verbose about to build e:\nodejs\crm\node_modules\ccap\node_modules\nan
428 info build e:\nodejs\crm\node_modules\ccap\node_modules\nan
429 info linkStuff nan@1.7.0
430 silly linkStuff nan@1.7.0 has e:\nodejs\crm\node_modules\ccap\node_modules as its parent node_modules
431 verbose linkBins nan@1.7.0
432 verbose linkMans nan@1.7.0
433 verbose rebuildBundles nan@1.7.0
434 info install nan@1.7.0
435 info postinstall nan@1.7.0
436 verbose unlock done using C:\Users\jihuizhao\AppData\Roaming\npm-cache\_locks\nan-fa2825ab1f4de8ee.lock for e:\nodejs\crm\node_modules\ccap\node_modules\nan
437 verbose about to build e:\nodejs\crm\node_modules\ccap
438 info build e:\nodejs\crm\node_modules\ccap
439 info linkStuff ccap@0.6.0
440 silly linkStuff ccap@0.6.0 has e:\nodejs\crm\node_modules as its parent node_modules
441 verbose linkBins ccap@0.6.0
442 verbose linkMans ccap@0.6.0
443 verbose rebuildBundles ccap@0.6.0
444 verbose rebuildBundles [ 'nan', 'node-schedule' ]
445 info install ccap@0.6.0
446 verbose unsafe-perm in lifecycle true
447 info ccap@0.6.0 Failed to exec install script
448 verbose unlock done using C:\Users\jihuizhao\AppData\Roaming\npm-cache\_locks\ccap-5f0f9352c44767e2.lock for e:\nodejs\crm\node_modules\ccap
449 verbose stack Error: ccap@0.6.0 install: `node-gyp rebuild`
449 verbose stack Exit status 1
449 verbose stack     at EventEmitter.<anonymous> (c:\Program Files\nodejs\node_modules\npm\lib\utils\lifecycle.js:213:16)
449 verbose stack     at EventEmitter.emit (events.js:110:17)
449 verbose stack     at ChildProcess.<anonymous> (c:\Program Files\nodejs\node_modules\npm\lib\utils\spawn.js:24:14)
449 verbose stack     at ChildProcess.emit (events.js:110:17)
449 verbose stack     at maybeClose (child_process.js:1015:16)
449 verbose stack     at Process.ChildProcess._handle.onexit (child_process.js:1087:5)
450 verbose pkgid ccap@0.6.0
451 verbose cwd e:\nodejs\crm
452 error Windows_NT 6.1.7601
453 error argv "c:\\Program Files\\nodejs\\node.exe" "c:\\Program Files\\nodejs\\node_modules\\npm\\bin\\npm-cli.js" "install" "ccap" "--save"
454 error node v0.12.7
455 error npm  v2.11.3
456 error code ELIFECYCLE
457 error ccap@0.6.0 install: `node-gyp rebuild`
457 error Exit status 1
458 error Failed at the ccap@0.6.0 install script 'node-gyp rebuild'.
458 error This is most likely a problem with the ccap package,
458 error not with npm itself.
458 error Tell the author that this fails on your system:
458 error     node-gyp rebuild
458 error You can get their info via:
458 error     npm owner ls ccap
458 error There is likely additional logging output above.
459 verbose exit [ 1, true ]
460 verbose unbuild node_modules\ccap
461 info preuninstall ccap@0.6.0
462 info uninstall ccap@0.6.0
463 verbose unbuild rmStuff ccap@0.6.0 from e:\nodejs\crm\node_modules
464 info postuninstall ccap@0.6.0
465 silly gentlyRm e:\nodejs\crm\node_modules\ccap is being purged from base e:\nodejs\crm
466 verbose gentlyRm don't care about contents; nuking e:\nodejs\crm\node_modules\ccap
467 silly vacuum-fs purging e:\nodejs\crm\node_modules\ccap
468 silly vacuum-fs quitting because other entries in e:\nodejs\crm\node_modules
